


ARM Macro Assembler    Page 1 


    1 00000000         ; <<< Use Configuration Wizard in Context Menu >>>
    2 00000000         ;*******************************************************
                       ***********************
    3 00000000         ;
    4 00000000         ; startup_rvmdk.S - Startup code for use with Keil's uVi
                       sion.
    5 00000000         ;
    6 00000000         ; Copyright (c) 2013-2016 Texas Instruments Incorporated
                       .  All rights reserved.
    7 00000000         ; Software License Agreement
    8 00000000         ; 
    9 00000000         ; Texas Instruments (TI) is supplying this software for 
                       use solely and
   10 00000000         ; exclusively on TI's microcontroller products. The soft
                       ware is owned by
   11 00000000         ; TI and/or its suppliers, and is protected under applic
                       able copyright
   12 00000000         ; laws. You may not combine this software with "viral" o
                       pen-source
   13 00000000         ; software in order to form a larger program.
   14 00000000         ; 
   15 00000000         ; THIS SOFTWARE IS PROVIDED "AS IS" AND WITH ALL FAULTS.
                       
   16 00000000         ; NO WARRANTIES, WHETHER EXPRESS, IMPLIED OR STATUTORY, 
                       INCLUDING, BUT
   17 00000000         ; NOT LIMITED TO, IMPLIED WARRANTIES OF MERCHANTABILITY 
                       AND FITNESS FOR
   18 00000000         ; A PARTICULAR PURPOSE APPLY TO THIS SOFTWARE. TI SHALL 
                       NOT, UNDER ANY
   19 00000000         ; CIRCUMSTANCES, BE LIABLE FOR SPECIAL, INCIDENTAL, OR C
                       ONSEQUENTIAL
   20 00000000         ; DAMAGES, FOR ANY REASON WHATSOEVER.
   21 00000000         ; 
   22 00000000         ; This is part of revision 2.1.3.156 of the EK-TM4C1294X
                       L Firmware Package.
   23 00000000         ;
   24 00000000         ;*******************************************************
                       ***********************
   25 00000000         
   26 00000000         ;*******************************************************
                       ***********************
   27 00000000         ;
   28 00000000         ; <o> Stack Size (in Bytes) <0x0-0xFFFFFFFF:8>
   29 00000000         ;
   30 00000000         ;*******************************************************
                       ***********************
   31 00000000 00000800 
                       Stack   EQU              0x00000800
   32 00000000         
   33 00000000         ;*******************************************************
                       ***********************
   34 00000000         ;
   35 00000000         ; <o> Heap Size (in Bytes) <0x0-0xFFFFFFFF:8>
   36 00000000         ;
   37 00000000         ;*******************************************************
                       ***********************
   38 00000000 00000000 
                       Heap    EQU              0x00000000
   39 00000000         



ARM Macro Assembler    Page 2 


   40 00000000         ;*******************************************************
                       ***********************
   41 00000000         ;
   42 00000000         ; Allocate space for the stack.
   43 00000000         ;
   44 00000000         ;*******************************************************
                       ***********************
   45 00000000                 AREA             STACK, NOINIT, READWRITE, ALIGN
=3
   46 00000000         StackMem
   47 00000000                 SPACE            Stack
   48 00000800         __initial_sp
   49 00000800         
   50 00000800         ;*******************************************************
                       ***********************
   51 00000800         ;
   52 00000800         ; Allocate space for the heap.
   53 00000800         ;
   54 00000800         ;*******************************************************
                       ***********************
   55 00000800                 AREA             HEAP, NOINIT, READWRITE, ALIGN=
3
   56 00000000         __heap_base
   57 00000000         HeapMem
   58 00000000                 SPACE            Heap
   59 00000000         __heap_limit
   60 00000000         
   61 00000000         ;*******************************************************
                       ***********************
   62 00000000         ;
   63 00000000         ; Indicate that the code in this file preserves 8-byte a
                       lignment of the stack.
   64 00000000         ;
   65 00000000         ;*******************************************************
                       ***********************
   66 00000000                 PRESERVE8
   67 00000000         
   68 00000000         ;*******************************************************
                       ***********************
   69 00000000         ;
   70 00000000         ; Place code into the reset code section.
   71 00000000         ;
   72 00000000         ;*******************************************************
                       ***********************
   73 00000000                 AREA             RESET, CODE, READONLY
   74 00000000                 THUMB
   75 00000000         
   76 00000000         ;*******************************************************
                       ***********************
   77 00000000         ;
   78 00000000         ; External declaration for the interrupt handler used by
                        the application.
   79 00000000         ;
   80 00000000         ;*******************************************************
                       ***********************
   81 00000000         ;// EXTERN  USB0HostIntHandler
   82 00000000                 EXTERN           SysTickIntHandler
   83 00000000                 EXTERN           NmiSR
   84 00000000                 EXTERN           FaultISR



ARM Macro Assembler    Page 3 


   85 00000000                 EXTERN           IntDefaultHandler
   86 00000000                 EXTERN           GPIOQ0IntHandler
   87 00000000                 EXTERN           GPIOP0IntHandler
   88 00000000                 EXTERN           CAN0IntHandler
   89 00000000                 EXTERN           WatchdogIntHandler
   90 00000000         ;*******************************************************
                       ***********************
   91 00000000         ;
   92 00000000         ; The vector table.
   93 00000000         ;
   94 00000000         ;*******************************************************
                       ***********************
   95 00000000                 EXPORT           __Vectors
   96 00000000         __Vectors
   97 00000000 00000800        DCD              StackMem + Stack ; Top of Stack
                                                            
   98 00000004 00000000        DCD              Reset_Handler ; Reset Handler
   99 00000008 00000000        DCD              NmiSR       ; NMI Handler
  100 0000000C 00000000        DCD              FaultISR    ; Hard Fault Handle
                                                            r
  101 00000010 00000000        DCD              IntDefaultHandler ; The MPU fau
                                                            lt handler
  102 00000014 00000000        DCD              IntDefaultHandler ; The bus fau
                                                            lt handler
  103 00000018 00000000        DCD              IntDefaultHandler ; The usage f
                                                            ault handler
  104 0000001C 00000000        DCD              0           ; Reserved
  105 00000020 00000000        DCD              0           ; Reserved
  106 00000024 00000000        DCD              0           ; Reserved
  107 00000028 00000000        DCD              0           ; Reserved
  108 0000002C 00000000        DCD              IntDefaultHandler 
                                                            ; SVCall handler
  109 00000030 00000000        DCD              IntDefaultHandler ; Debug monit
                                                            or handler
  110 00000034 00000000        DCD              0           ; Reserved
  111 00000038 00000000        DCD              IntDefaultHandler ; The PendSV 
                                                            handler
  112 0000003C 00000000        DCD              SysTickIntHandler ; The SysTick
                                                             handler
  113 00000040 00000000        DCD              IntDefaultHandler ; GPIO Port A
                                                            
  114 00000044 00000000        DCD              IntDefaultHandler ; GPIO Port B
                                                            
  115 00000048 00000000        DCD              IntDefaultHandler ; GPIO Port C
                                                            
  116 0000004C 00000000        DCD              IntDefaultHandler ; GPIO Port D
                                                            
  117 00000050 00000000        DCD              IntDefaultHandler ; GPIO Port E
                                                            
  118 00000054 00000000        DCD              IntDefaultHandler 
                                                            ; UART0 Rx and Tx
  119 00000058 00000000        DCD              IntDefaultHandler 
                                                            ; UART1 Rx and Tx
  120 0000005C 00000000        DCD              IntDefaultHandler 
                                                            ; SSI0 Rx and Tx
  121 00000060 00000000        DCD              IntDefaultHandler ; I2C0 Master
                                                             and Slave
  122 00000064 00000000        DCD              IntDefaultHandler ; PWM Fault
  123 00000068 00000000        DCD              IntDefaultHandler 



ARM Macro Assembler    Page 4 


                                                            ; PWM Generator 0
  124 0000006C 00000000        DCD              IntDefaultHandler 
                                                            ; PWM Generator 1
  125 00000070 00000000        DCD              IntDefaultHandler 
                                                            ; PWM Generator 2
  126 00000074 00000000        DCD              IntDefaultHandler ; Quadrature 
                                                            Encoder 0
  127 00000078 00000000        DCD              IntDefaultHandler 
                                                            ; ADC Sequence 0
  128 0000007C 00000000        DCD              IntDefaultHandler 
                                                            ; ADC Sequence 1
  129 00000080 00000000        DCD              IntDefaultHandler 
                                                            ; ADC Sequence 2
  130 00000084 00000000        DCD              IntDefaultHandler 
                                                            ; ADC Sequence 3
  131 00000088 00000000        DCD              WatchdogIntHandler 
                                                            ; Watchdog timer
  132 0000008C 00000000        DCD              IntDefaultHandler ; Timer 0 sub
                                                            timer A
  133 00000090 00000000        DCD              IntDefaultHandler ; Timer 0 sub
                                                            timer B
  134 00000094 00000000        DCD              IntDefaultHandler ; Timer 1 sub
                                                            timer A
  135 00000098 00000000        DCD              IntDefaultHandler ; Timer 1 sub
                                                            timer B
  136 0000009C 00000000        DCD              IntDefaultHandler ; Timer 2 sub
                                                            timer A
  137 000000A0 00000000        DCD              IntDefaultHandler ; Timer 2 sub
                                                            timer B
  138 000000A4 00000000        DCD              IntDefaultHandler ; Analog Comp
                                                            arator 0
  139 000000A8 00000000        DCD              IntDefaultHandler ; Analog Comp
                                                            arator 1
  140 000000AC 00000000        DCD              IntDefaultHandler ; Analog Comp
                                                            arator 2
  141 000000B0 00000000        DCD              IntDefaultHandler ; System Cont
                                                            rol (PLL, OSC, BO)
  142 000000B4 00000000        DCD              IntDefaultHandler 
                                                            ; FLASH Control
  143 000000B8 00000000        DCD              IntDefaultHandler ; GPIO Port F
                                                            
  144 000000BC 00000000        DCD              IntDefaultHandler ; GPIO Port G
                                                            
  145 000000C0 00000000        DCD              IntDefaultHandler ; GPIO Port H
                                                            
  146 000000C4 00000000        DCD              IntDefaultHandler 
                                                            ; UART2 Rx and Tx
  147 000000C8 00000000        DCD              IntDefaultHandler 
                                                            ; SSI1 Rx and Tx
  148 000000CC 00000000        DCD              IntDefaultHandler ; Timer 3 sub
                                                            timer A
  149 000000D0 00000000        DCD              IntDefaultHandler ; Timer 3 sub
                                                            timer B
  150 000000D4 00000000        DCD              IntDefaultHandler ; I2C1 Master
                                                             and Slave
  151 000000D8 00000000        DCD              CAN0IntHandler ; CAN0
  152 000000DC 00000000        DCD              IntDefaultHandler ; CAN1
  153 000000E0 00000000        DCD              IntDefaultHandler ; Ethernet
  154 000000E4 00000000        DCD              IntDefaultHandler ; Hibernate



ARM Macro Assembler    Page 5 


  155 000000E8 00000000        DCD              IntDefaultHandler ; USB0
  156 000000EC 00000000        DCD              IntDefaultHandler 
                                                            ; PWM Generator 3
  157 000000F0 00000000        DCD              IntDefaultHandler ; uDMA Softwa
                                                            re Transfer
  158 000000F4 00000000        DCD              IntDefaultHandler ; uDMA Error
  159 000000F8 00000000        DCD              IntDefaultHandler 
                                                            ; ADC1 Sequence 0
  160 000000FC 00000000        DCD              IntDefaultHandler 
                                                            ; ADC1 Sequence 1
  161 00000100 00000000        DCD              IntDefaultHandler 
                                                            ; ADC1 Sequence 2
  162 00000104 00000000        DCD              IntDefaultHandler 
                                                            ; ADC1 Sequence 3
  163 00000108 00000000        DCD              IntDefaultHandler ; External Bu
                                                            s Interface 0
  164 0000010C 00000000        DCD              IntDefaultHandler ; GPIO Port J
                                                            
  165 00000110 00000000        DCD              IntDefaultHandler ; GPIO Port K
                                                            
  166 00000114 00000000        DCD              IntDefaultHandler ; GPIO Port L
                                                            
  167 00000118 00000000        DCD              IntDefaultHandler 
                                                            ; SSI2 Rx and Tx
  168 0000011C 00000000        DCD              IntDefaultHandler 
                                                            ; SSI3 Rx and Tx
  169 00000120 00000000        DCD              IntDefaultHandler 
                                                            ; UART3 Rx and Tx
  170 00000124 00000000        DCD              IntDefaultHandler 
                                                            ; UART4 Rx and Tx
  171 00000128 00000000        DCD              IntDefaultHandler 
                                                            ; UART5 Rx and Tx
  172 0000012C 00000000        DCD              IntDefaultHandler 
                                                            ; UART6 Rx and Tx
  173 00000130 00000000        DCD              IntDefaultHandler 
                                                            ; UART7 Rx and Tx
  174 00000134 00000000        DCD              IntDefaultHandler ; I2C2 Master
                                                             and Slave
  175 00000138 00000000        DCD              IntDefaultHandler ; I2C3 Master
                                                             and Slave
  176 0000013C 00000000        DCD              IntDefaultHandler ; Timer 4 sub
                                                            timer A
  177 00000140 00000000        DCD              IntDefaultHandler ; Timer 4 sub
                                                            timer B
  178 00000144 00000000        DCD              IntDefaultHandler ; Timer 5 sub
                                                            timer A
  179 00000148 00000000        DCD              IntDefaultHandler ; Timer 5 sub
                                                            timer B
  180 0000014C 00000000        DCD              IntDefaultHandler ; FPU
  181 00000150 00000000        DCD              0           ; Reserved
  182 00000154 00000000        DCD              0           ; Reserved
  183 00000158 00000000        DCD              IntDefaultHandler ; I2C4 Master
                                                             and Slave
  184 0000015C 00000000        DCD              IntDefaultHandler ; I2C5 Master
                                                             and Slave
  185 00000160 00000000        DCD              IntDefaultHandler ; GPIO Port M
                                                            
  186 00000164 00000000        DCD              IntDefaultHandler ; GPIO Port N
                                                            



ARM Macro Assembler    Page 6 


  187 00000168 00000000        DCD              0           ; Reserved
  188 0000016C 00000000        DCD              IntDefaultHandler ; Tamper
  189 00000170 00000000        DCD              GPIOP0IntHandler ; GPIO Port P 
                                                            (Summary or P0)
  190 00000174 00000000        DCD              IntDefaultHandler 
                                                            ; GPIO Port P1
  191 00000178 00000000        DCD              IntDefaultHandler 
                                                            ; GPIO Port P2
  192 0000017C 00000000        DCD              IntDefaultHandler 
                                                            ; GPIO Port P3
  193 00000180 00000000        DCD              IntDefaultHandler 
                                                            ; GPIO Port P4
  194 00000184 00000000        DCD              IntDefaultHandler 
                                                            ; GPIO Port P5
  195 00000188 00000000        DCD              IntDefaultHandler 
                                                            ; GPIO Port P6
  196 0000018C 00000000        DCD              IntDefaultHandler 
                                                            ; GPIO Port P7
  197 00000190 00000000        DCD              GPIOQ0IntHandler ; GPIO Port Q 
                                                            (Summary or Q0)
  198 00000194 00000000        DCD              IntDefaultHandler 
                                                            ; GPIO Port Q1
  199 00000198 00000000        DCD              IntDefaultHandler 
                                                            ; GPIO Port Q2
  200 0000019C 00000000        DCD              IntDefaultHandler 
                                                            ; GPIO Port Q3
  201 000001A0 00000000        DCD              IntDefaultHandler 
                                                            ; GPIO Port Q4
  202 000001A4 00000000        DCD              IntDefaultHandler 
                                                            ; GPIO Port Q5
  203 000001A8 00000000        DCD              IntDefaultHandler 
                                                            ; GPIO Port Q6
  204 000001AC 00000000        DCD              IntDefaultHandler 
                                                            ; GPIO Port Q7
  205 000001B0 00000000        DCD              IntDefaultHandler ; GPIO Port R
                                                            
  206 000001B4 00000000        DCD              IntDefaultHandler ; GPIO Port S
                                                            
  207 000001B8 00000000        DCD              IntDefaultHandler ; SHA/MD5 0
  208 000001BC 00000000        DCD              IntDefaultHandler ; AES 0
  209 000001C0 00000000        DCD              IntDefaultHandler ; DES3DES 0
  210 000001C4 00000000        DCD              IntDefaultHandler 
                                                            ; LCD Controller 0
  211 000001C8 00000000        DCD              IntDefaultHandler ; Timer 6 sub
                                                            timer A
  212 000001CC 00000000        DCD              IntDefaultHandler ; Timer 6 sub
                                                            timer B
  213 000001D0 00000000        DCD              IntDefaultHandler ; Timer 7 sub
                                                            timer A
  214 000001D4 00000000        DCD              IntDefaultHandler ; Timer 7 sub
                                                            timer B
  215 000001D8 00000000        DCD              IntDefaultHandler ; I2C6 Master
                                                             and Slave
  216 000001DC 00000000        DCD              IntDefaultHandler ; I2C7 Master
                                                             and Slave
  217 000001E0 00000000        DCD              IntDefaultHandler ; HIM Scan Ma
                                                            trix Keyboard 0
  218 000001E4 00000000        DCD              IntDefaultHandler ; One Wire 0
  219 000001E8 00000000        DCD              IntDefaultHandler ; HIM PS/2 0



ARM Macro Assembler    Page 7 


  220 000001EC 00000000        DCD              IntDefaultHandler ; HIM LED Seq
                                                            uencer 0
  221 000001F0 00000000        DCD              IntDefaultHandler 
                                                            ; HIM Consumer IR 0
                                                            
  222 000001F4 00000000        DCD              IntDefaultHandler ; I2C8 Master
                                                             and Slave
  223 000001F8 00000000        DCD              IntDefaultHandler ; I2C9 Master
                                                             and Slave
  224 000001FC 00000000        DCD              IntDefaultHandler ; GPIO Port T
                                                            
  225 00000200         
  226 00000200         ;*******************************************************
                       ***********************
  227 00000200         ;
  228 00000200         ; This is the code that gets called when the processor f
                       irst starts execution
  229 00000200         ; following a reset event.
  230 00000200         ;
  231 00000200         ;*******************************************************
                       ***********************
  232 00000200                 EXPORT           Reset_Handler
  233 00000200         Reset_Handler
  234 00000200         ;
  235 00000200         ; Enable the floating-point unit.  This must be done her
                       e to handle the
  236 00000200         ; case where main() uses floating-point and the function
                        prologue saves
  237 00000200         ; floating-point registers (which will fault if floating
                       -point is not
  238 00000200         ; enabled).  Any configuration of the floating-point uni
                       t using
  239 00000200         ; DriverLib APIs must be done here prior to the floating
                       -point unit
  240 00000200         ; being enabled.
  241 00000200         ;
  242 00000200         ; Note that this does not use DriverLib since it might n
                       ot be included
  243 00000200         ; in this project.
  244 00000200         ;
  245 00000200 F64E 5088       MOVW             R0, #0xED88
  246 00000204 F2CE 0000       MOVT             R0, #0xE000
  247 00000208 6801            LDR              R1, [R0]
  248 0000020A F441 0170       ORR              R1, #0x00F00000
  249 0000020E 6001            STR              R1, [R0]
  250 00000210         
  251 00000210         ;
  252 00000210         ; Call the C library enty point that handles startup.  T
                       his will copy
  253 00000210         ; the .data section initializers from flash to SRAM and 
                       zero fill the
  254 00000210         ; .bss section.
  255 00000210         ;
  256 00000210                 IMPORT           __main
  257 00000210 F7FF BFFE       B                __main
  258 00000214         
  259 00000214         ;*******************************************************
                       ***********************
  260 00000214         ;



ARM Macro Assembler    Page 8 


  261 00000214         ; This is the code that gets called when the processor r
                       eceives a NMI.  This
  262 00000214         ; simply enters an infinite loop, preserving the system 
                       state for examination
  263 00000214         ; by a debugger.
  264 00000214         ;
  265 00000214         ;*******************************************************
                       ***********************
  266 00000214         ;NmiSR
  267 00000214         ;       B       NmiSR
  268 00000214         
  269 00000214         ;*******************************************************
                       ***********************
  270 00000214         ;
  271 00000214         ; This is the code that gets called when the processor r
                       eceives a fault
  272 00000214         ; interrupt.  This simply enters an infinite loop, prese
                       rving the system state
  273 00000214         ; for examination by a debugger.
  274 00000214         ;
  275 00000214         ;*******************************************************
                       ***********************
  276 00000214         ;FaultISR
  277 00000214         ;        B       FaultISR
  278 00000214         
  279 00000214         ;*******************************************************
                       ***********************
  280 00000214         ;
  281 00000214         ; This is the code that gets called when the processor r
                       eceives an unexpected
  282 00000214         ; interrupt.  This simply enters an infinite loop, prese
                       rving the system state
  283 00000214         ; for examination by a debugger.
  284 00000214         ;
  285 00000214         ;*******************************************************
                       ***********************
  286 00000214         ;IntDefaultHandler
  287 00000214         ;        B       IntDefaultHandler
  288 00000214         ;
  289 00000214         ;*******************************************************
                       ***********************
  290 00000214         ;
  291 00000214         ; Make sure the end of this section is aligned.
  292 00000214         ;
  293 00000214         ;*******************************************************
                       ***********************
  294 00000214                 ALIGN
  295 00000214         
  296 00000214         ;*******************************************************
                       ***********************
  297 00000214         ;
  298 00000214         ; Some code in the normal code section for initializing 
                       the heap and stack.
  299 00000214         ;
  300 00000214         ;*******************************************************
                       ***********************
  301 00000214                 AREA             |.text|, CODE, READONLY
  302 00000000         
  303 00000000         ;*******************************************************



ARM Macro Assembler    Page 9 


                       ***********************
  304 00000000         ;
  305 00000000         ; The function expected of the C library startup code fo
                       r defining the stack
  306 00000000         ; and heap memory locations.  For the C library version 
                       of the startup code,
  307 00000000         ; provide this function so that the C library initializa
                       tion code can find out
  308 00000000         ; the location of the stack and heap.
  309 00000000         ;
  310 00000000         ;*******************************************************
                       ***********************
  311 00000000                 IF               :DEF: __MICROLIB
  312 00000000                 EXPORT           __initial_sp
  313 00000000                 EXPORT           __heap_base
  314 00000000                 EXPORT           __heap_limit
  315 00000000                 ELSE
  324                          ENDIF
  325 00000000         
  326 00000000         ;*******************************************************
                       ***********************
  327 00000000         ;
  328 00000000         ; Make sure the end of this section is aligned.
  329 00000000         ;
  330 00000000         ;*******************************************************
                       ***********************
  331 00000000                 ALIGN
  332 00000000         
  333 00000000         ;*******************************************************
                       ***********************
  334 00000000         ;
  335 00000000         ; Tell the assembler that we're done.
  336 00000000         ;
  337 00000000         ;*******************************************************
                       ***********************
  338 00000000                 END
Command Line: --debug --xref --diag_suppress=9931 --cpu=Cortex-M4.fp --apcs=int
erwork --depend=.\objects\startup_rvmdk.d -o.\objects\startup_rvmdk.o -IC:\Keil
_v5\ARM\RV31\INC -IC:\Keil_v5\ARM\CMSIS\Include -IC:\Keil_v5\ARM\Inc\TI\TM4C129
 --predefine="__MICROLIB SETA 1" --predefine="__UVISION_VERSION SETA 521" --lis
t=.\listings\startup_rvmdk.lst ..\Make\startup_rvmdk.S



ARM Macro Assembler    Page 1 Alphabetic symbol ordering
Relocatable symbols

STACK 00000000

Symbol: STACK
   Definitions
      At line 45 in file ..\Make\startup_rvmdk.S
   Uses
      None
Comment: STACK unused
StackMem 00000000

Symbol: StackMem
   Definitions
      At line 46 in file ..\Make\startup_rvmdk.S
   Uses
      At line 97 in file ..\Make\startup_rvmdk.S
Comment: StackMem used once
__initial_sp 00000800

Symbol: __initial_sp
   Definitions
      At line 48 in file ..\Make\startup_rvmdk.S
   Uses
      At line 312 in file ..\Make\startup_rvmdk.S
Comment: __initial_sp used once
3 symbols



ARM Macro Assembler    Page 1 Alphabetic symbol ordering
Relocatable symbols

HEAP 00000000

Symbol: HEAP
   Definitions
      At line 55 in file ..\Make\startup_rvmdk.S
   Uses
      None
Comment: HEAP unused
HeapMem 00000000

Symbol: HeapMem
   Definitions
      At line 57 in file ..\Make\startup_rvmdk.S
   Uses
      None
Comment: HeapMem unused
__heap_base 00000000

Symbol: __heap_base
   Definitions
      At line 56 in file ..\Make\startup_rvmdk.S
   Uses
      At line 313 in file ..\Make\startup_rvmdk.S
Comment: __heap_base used once
__heap_limit 00000000

Symbol: __heap_limit
   Definitions
      At line 59 in file ..\Make\startup_rvmdk.S
   Uses
      At line 314 in file ..\Make\startup_rvmdk.S
Comment: __heap_limit used once
4 symbols



ARM Macro Assembler    Page 1 Alphabetic symbol ordering
Relocatable symbols

RESET 00000000

Symbol: RESET
   Definitions
      At line 73 in file ..\Make\startup_rvmdk.S
   Uses
      None
Comment: RESET unused
Reset_Handler 00000200

Symbol: Reset_Handler
   Definitions
      At line 233 in file ..\Make\startup_rvmdk.S
   Uses
      At line 98 in file ..\Make\startup_rvmdk.S
      At line 232 in file ..\Make\startup_rvmdk.S

__Vectors 00000000

Symbol: __Vectors
   Definitions
      At line 96 in file ..\Make\startup_rvmdk.S
   Uses
      At line 95 in file ..\Make\startup_rvmdk.S
Comment: __Vectors used once
3 symbols



ARM Macro Assembler    Page 1 Alphabetic symbol ordering
Relocatable symbols

.text 00000000

Symbol: .text
   Definitions
      At line 301 in file ..\Make\startup_rvmdk.S
   Uses
      None
Comment: .text unused
1 symbol



ARM Macro Assembler    Page 1 Alphabetic symbol ordering
Absolute symbols

Heap 00000000

Symbol: Heap
   Definitions
      At line 38 in file ..\Make\startup_rvmdk.S
   Uses
      At line 58 in file ..\Make\startup_rvmdk.S
Comment: Heap used once
Stack 00000800

Symbol: Stack
   Definitions
      At line 31 in file ..\Make\startup_rvmdk.S
   Uses
      At line 47 in file ..\Make\startup_rvmdk.S
      At line 97 in file ..\Make\startup_rvmdk.S

2 symbols



ARM Macro Assembler    Page 1 Alphabetic symbol ordering
External symbols

CAN0IntHandler 00000000

Symbol: CAN0IntHandler
   Definitions
      At line 88 in file ..\Make\startup_rvmdk.S
   Uses
      At line 151 in file ..\Make\startup_rvmdk.S
Comment: CAN0IntHandler used once
FaultISR 00000000

Symbol: FaultISR
   Definitions
      At line 84 in file ..\Make\startup_rvmdk.S
   Uses
      At line 100 in file ..\Make\startup_rvmdk.S
Comment: FaultISR used once
GPIOP0IntHandler 00000000

Symbol: GPIOP0IntHandler
   Definitions
      At line 87 in file ..\Make\startup_rvmdk.S
   Uses
      At line 189 in file ..\Make\startup_rvmdk.S
Comment: GPIOP0IntHandler used once
GPIOQ0IntHandler 00000000

Symbol: GPIOQ0IntHandler
   Definitions
      At line 86 in file ..\Make\startup_rvmdk.S
   Uses
      At line 197 in file ..\Make\startup_rvmdk.S
Comment: GPIOQ0IntHandler used once
IntDefaultHandler 00000000

Symbol: IntDefaultHandler
   Definitions
      At line 85 in file ..\Make\startup_rvmdk.S
   Uses
      At line 101 in file ..\Make\startup_rvmdk.S
      At line 102 in file ..\Make\startup_rvmdk.S
      At line 103 in file ..\Make\startup_rvmdk.S
      At line 108 in file ..\Make\startup_rvmdk.S
      At line 109 in file ..\Make\startup_rvmdk.S
      At line 111 in file ..\Make\startup_rvmdk.S
      At line 113 in file ..\Make\startup_rvmdk.S
      At line 114 in file ..\Make\startup_rvmdk.S
      At line 115 in file ..\Make\startup_rvmdk.S
      At line 116 in file ..\Make\startup_rvmdk.S
      At line 117 in file ..\Make\startup_rvmdk.S
      At line 118 in file ..\Make\startup_rvmdk.S
      At line 119 in file ..\Make\startup_rvmdk.S
      At line 120 in file ..\Make\startup_rvmdk.S
      At line 121 in file ..\Make\startup_rvmdk.S
      At line 122 in file ..\Make\startup_rvmdk.S
      At line 123 in file ..\Make\startup_rvmdk.S
      At line 124 in file ..\Make\startup_rvmdk.S
      At line 125 in file ..\Make\startup_rvmdk.S
      At line 126 in file ..\Make\startup_rvmdk.S
      At line 127 in file ..\Make\startup_rvmdk.S



ARM Macro Assembler    Page 2 Alphabetic symbol ordering
External symbols

      At line 128 in file ..\Make\startup_rvmdk.S
      At line 129 in file ..\Make\startup_rvmdk.S
      At line 130 in file ..\Make\startup_rvmdk.S
      At line 132 in file ..\Make\startup_rvmdk.S
      At line 133 in file ..\Make\startup_rvmdk.S
      At line 134 in file ..\Make\startup_rvmdk.S
      At line 135 in file ..\Make\startup_rvmdk.S
      At line 136 in file ..\Make\startup_rvmdk.S
      At line 137 in file ..\Make\startup_rvmdk.S
      At line 138 in file ..\Make\startup_rvmdk.S
      At line 139 in file ..\Make\startup_rvmdk.S
      At line 140 in file ..\Make\startup_rvmdk.S
      At line 141 in file ..\Make\startup_rvmdk.S
      At line 142 in file ..\Make\startup_rvmdk.S
      At line 143 in file ..\Make\startup_rvmdk.S
      At line 144 in file ..\Make\startup_rvmdk.S
      At line 145 in file ..\Make\startup_rvmdk.S
      At line 146 in file ..\Make\startup_rvmdk.S
      At line 147 in file ..\Make\startup_rvmdk.S
      At line 148 in file ..\Make\startup_rvmdk.S
      At line 149 in file ..\Make\startup_rvmdk.S
      At line 150 in file ..\Make\startup_rvmdk.S
      At line 152 in file ..\Make\startup_rvmdk.S
      At line 153 in file ..\Make\startup_rvmdk.S
      At line 154 in file ..\Make\startup_rvmdk.S
      At line 155 in file ..\Make\startup_rvmdk.S
      At line 156 in file ..\Make\startup_rvmdk.S
      At line 157 in file ..\Make\startup_rvmdk.S
      At line 158 in file ..\Make\startup_rvmdk.S
      At line 159 in file ..\Make\startup_rvmdk.S
      At line 160 in file ..\Make\startup_rvmdk.S
      At line 161 in file ..\Make\startup_rvmdk.S
      At line 162 in file ..\Make\startup_rvmdk.S
      At line 163 in file ..\Make\startup_rvmdk.S
      At line 164 in file ..\Make\startup_rvmdk.S
      At line 165 in file ..\Make\startup_rvmdk.S
      At line 166 in file ..\Make\startup_rvmdk.S
      At line 167 in file ..\Make\startup_rvmdk.S
      At line 168 in file ..\Make\startup_rvmdk.S
      At line 169 in file ..\Make\startup_rvmdk.S
      At line 170 in file ..\Make\startup_rvmdk.S
      At line 171 in file ..\Make\startup_rvmdk.S
      At line 172 in file ..\Make\startup_rvmdk.S
      At line 173 in file ..\Make\startup_rvmdk.S
      At line 174 in file ..\Make\startup_rvmdk.S
      At line 175 in file ..\Make\startup_rvmdk.S
      At line 176 in file ..\Make\startup_rvmdk.S
      At line 177 in file ..\Make\startup_rvmdk.S
      At line 178 in file ..\Make\startup_rvmdk.S
      At line 179 in file ..\Make\startup_rvmdk.S
      At line 180 in file ..\Make\startup_rvmdk.S
      At line 183 in file ..\Make\startup_rvmdk.S
      At line 184 in file ..\Make\startup_rvmdk.S
      At line 185 in file ..\Make\startup_rvmdk.S
      At line 186 in file ..\Make\startup_rvmdk.S
      At line 188 in file ..\Make\startup_rvmdk.S
      At line 190 in file ..\Make\startup_rvmdk.S
      At line 191 in file ..\Make\startup_rvmdk.S
      At line 192 in file ..\Make\startup_rvmdk.S



ARM Macro Assembler    Page 3 Alphabetic symbol ordering
External symbols

      At line 193 in file ..\Make\startup_rvmdk.S
      At line 194 in file ..\Make\startup_rvmdk.S
      At line 195 in file ..\Make\startup_rvmdk.S
      At line 196 in file ..\Make\startup_rvmdk.S
      At line 198 in file ..\Make\startup_rvmdk.S
      At line 199 in file ..\Make\startup_rvmdk.S
      At line 200 in file ..\Make\startup_rvmdk.S
      At line 201 in file ..\Make\startup_rvmdk.S
      At line 202 in file ..\Make\startup_rvmdk.S
      At line 203 in file ..\Make\startup_rvmdk.S
      At line 204 in file ..\Make\startup_rvmdk.S
      At line 205 in file ..\Make\startup_rvmdk.S
      At line 206 in file ..\Make\startup_rvmdk.S
      At line 207 in file ..\Make\startup_rvmdk.S
      At line 208 in file ..\Make\startup_rvmdk.S
      At line 209 in file ..\Make\startup_rvmdk.S
      At line 210 in file ..\Make\startup_rvmdk.S
      At line 211 in file ..\Make\startup_rvmdk.S
      At line 212 in file ..\Make\startup_rvmdk.S
      At line 213 in file ..\Make\startup_rvmdk.S
      At line 214 in file ..\Make\startup_rvmdk.S
      At line 215 in file ..\Make\startup_rvmdk.S
      At line 216 in file ..\Make\startup_rvmdk.S
      At line 217 in file ..\Make\startup_rvmdk.S
      At line 218 in file ..\Make\startup_rvmdk.S
      At line 219 in file ..\Make\startup_rvmdk.S
      At line 220 in file ..\Make\startup_rvmdk.S
      At line 221 in file ..\Make\startup_rvmdk.S
      At line 222 in file ..\Make\startup_rvmdk.S
      At line 223 in file ..\Make\startup_rvmdk.S
      At line 224 in file ..\Make\startup_rvmdk.S

NmiSR 00000000

Symbol: NmiSR
   Definitions
      At line 83 in file ..\Make\startup_rvmdk.S
   Uses
      At line 99 in file ..\Make\startup_rvmdk.S
Comment: NmiSR used once
SysTickIntHandler 00000000

Symbol: SysTickIntHandler
   Definitions
      At line 82 in file ..\Make\startup_rvmdk.S
   Uses
      At line 112 in file ..\Make\startup_rvmdk.S
Comment: SysTickIntHandler used once
WatchdogIntHandler 00000000

Symbol: WatchdogIntHandler
   Definitions
      At line 89 in file ..\Make\startup_rvmdk.S
   Uses
      At line 131 in file ..\Make\startup_rvmdk.S
Comment: WatchdogIntHandler used once
__main 00000000

Symbol: __main



ARM Macro Assembler    Page 4 Alphabetic symbol ordering
External symbols

   Definitions
      At line 256 in file ..\Make\startup_rvmdk.S
   Uses
      At line 257 in file ..\Make\startup_rvmdk.S
Comment: __main used once
9 symbols
355 symbols in table
